[debug] [2018-10-31T17:01:43.269Z] ----------------------------------------------------------------------
[debug] [2018-10-31T17:01:43.272Z] Command:       /usr/bin/node /usr/bin/firebase init hosting
[debug] [2018-10-31T17:01:43.272Z] CLI Version:   6.0.0
[debug] [2018-10-31T17:01:43.272Z] Platform:      linux
[debug] [2018-10-31T17:01:43.272Z] Node Version:  v8.11.2
[debug] [2018-10-31T17:01:43.272Z] Time:          Wed Oct 31 2018 15:01:43 GMT-0200 (BRST)
[debug] [2018-10-31T17:01:43.272Z] ----------------------------------------------------------------------
[debug] 
[debug] [2018-10-31T17:01:43.279Z] > command requires scopes: ["email","openid","https://www.googleapis.com/auth/cloudplatformprojects.readonly","https://www.googleapis.com/auth/firebase","https://www.googleapis.com/auth/cloud-platform"]
[debug] [2018-10-31T17:01:43.280Z] > authorizing via signed-in user
[info] 
     ######## #### ########  ######## ########     ###     ######  ########
     ##        ##  ##     ## ##       ##     ##  ##   ##  ##       ##
     ######    ##  ########  ######   ########  #########  ######  ######
     ##        ##  ##    ##  ##       ##     ## ##     ##       ## ##
     ##       #### ##     ## ######## ########  ##     ##  ######  ########

You're about to initialize a Firebase project in this directory:

  /home/laboratoria/Documentos/portfolio

[info] 
=== Project Setup
[info] 
[info] First, let's associate this project directory with a Firebase project.
[info] You can create multiple project aliases by running firebase use --add, 
[info] but for now we'll just set up a default project.
[info] 
[debug] [2018-10-31T17:01:43.286Z] >>> HTTP REQUEST GET https://firebase.googleapis.com/v1beta1/projects?page_size=100  
 
[debug] [2018-10-31T17:01:43.574Z] Error: unable to get local issuer certificate
    at TLSSocket.<anonymous> (_tls_wrap.js:1105:38)
    at emitNone (events.js:106:13)
    at TLSSocket.emit (events.js:208:7)
    at TLSSocket._finishInit (_tls_wrap.js:639:8)
    at TLSWrap.ssl.onhandshakedone (_tls_wrap.js:469:38)
[error] 
[error] Error: Server Error. unable to get local issuer certificate
[debug] [2018-10-31T17:07:21.740Z] ----------------------------------------------------------------------
[debug] [2018-10-31T17:07:21.742Z] Command:       /usr/bin/node /usr/bin/firebase init
[debug] [2018-10-31T17:07:21.743Z] CLI Version:   6.0.0
[debug] [2018-10-31T17:07:21.743Z] Platform:      linux
[debug] [2018-10-31T17:07:21.743Z] Node Version:  v8.11.2
[debug] [2018-10-31T17:07:21.743Z] Time:          Wed Oct 31 2018 15:07:21 GMT-0200 (BRST)
[debug] [2018-10-31T17:07:21.743Z] ----------------------------------------------------------------------
[debug] 
[debug] [2018-10-31T17:07:21.748Z] > command requires scopes: ["email","openid","https://www.googleapis.com/auth/cloudplatformprojects.readonly","https://www.googleapis.com/auth/firebase","https://www.googleapis.com/auth/cloud-platform"]
[debug] [2018-10-31T17:07:21.749Z] > authorizing via signed-in user
[info] 
     ######## #### ########  ######## ########     ###     ######  ########
     ##        ##  ##     ## ##       ##     ##  ##   ##  ##       ##
     ######    ##  ########  ######   ########  #########  ######  ######
     ##        ##  ##    ##  ##       ##     ## ##     ##       ## ##
     ##       #### ##     ## ######## ########  ##     ##  ######  ########

You're about to initialize a Firebase project in this directory:

  /home/laboratoria/Documentos/portfolio

[info] 
=== Project Setup
[info] 
[info] First, let's associate this project directory with a Firebase project.
[info] You can create multiple project aliases by running firebase use --add, 
[info] but for now we'll just set up a default project.
[info] 
[debug] [2018-10-31T17:07:24.713Z] >>> HTTP REQUEST GET https://firebase.googleapis.com/v1beta1/projects?page_size=100  
 
[debug] [2018-10-31T17:07:25.128Z] Error: unable to get local issuer certificate
    at TLSSocket.<anonymous> (_tls_wrap.js:1105:38)
    at emitNone (events.js:106:13)
    at TLSSocket.emit (events.js:208:7)
    at TLSSocket._finishInit (_tls_wrap.js:639:8)
    at TLSWrap.ssl.onhandshakedone (_tls_wrap.js:469:38)
[error] 
[error] Error: Server Error. unable to get local issuer certificate
[debug] [2018-10-31T17:08:19.514Z] ----------------------------------------------------------------------
[debug] [2018-10-31T17:08:19.516Z] Command:       /usr/bin/node /usr/bin/firebase init
[debug] [2018-10-31T17:08:19.516Z] CLI Version:   6.0.0
[debug] [2018-10-31T17:08:19.516Z] Platform:      linux
[debug] [2018-10-31T17:08:19.516Z] Node Version:  v8.11.2
[debug] [2018-10-31T17:08:19.516Z] Time:          Wed Oct 31 2018 15:08:19 GMT-0200 (BRST)
[debug] [2018-10-31T17:08:19.516Z] ----------------------------------------------------------------------
[debug] 
[debug] [2018-10-31T17:08:19.528Z] > command requires scopes: ["email","openid","https://www.googleapis.com/auth/cloudplatformprojects.readonly","https://www.googleapis.com/auth/firebase","https://www.googleapis.com/auth/cloud-platform"]
[debug] [2018-10-31T17:08:19.528Z] > authorizing via signed-in user
[info] 
     ######## #### ########  ######## ########     ###     ######  ########
     ##        ##  ##     ## ##       ##     ##  ##   ##  ##       ##
     ######    ##  ########  ######   ########  #########  ######  ######
     ##        ##  ##    ##  ##       ##     ## ##     ##       ## ##
     ##       #### ##     ## ######## ########  ##     ##  ######  ########

You're about to initialize a Firebase project in this directory:

  /home/laboratoria/Documentos/portfolio

[info] 
=== Project Setup
[info] 
[info] First, let's associate this project directory with a Firebase project.
[info] You can create multiple project aliases by running firebase use --add, 
[info] but for now we'll just set up a default project.
[info] 
[debug] [2018-10-31T17:08:22.577Z] >>> HTTP REQUEST GET https://firebase.googleapis.com/v1beta1/projects?page_size=100  
 
[debug] [2018-10-31T17:08:22.975Z] Error: unable to get local issuer certificate
    at TLSSocket.<anonymous> (_tls_wrap.js:1105:38)
    at emitNone (events.js:106:13)
    at TLSSocket.emit (events.js:208:7)
    at TLSSocket._finishInit (_tls_wrap.js:639:8)
    at TLSWrap.ssl.onhandshakedone (_tls_wrap.js:469:38)
[error] 
[error] Error: Server Error. unable to get local issuer certificate
